D:/Users/iagoc/Documents/UnB_2021_2/TP1/trabalhos/trabalho1/TP1/dominio.cpp:1: warning: the name 'dominio' supplied as the argument in the \file statement is not an input file
D:/Users/iagoc/Documents/UnB_2021_2/TP1/trabalhos/trabalho1/TP1/dominio.h:1: warning: the name 'dominio' supplied as the argument in the \file statement is not an input file
D:/Users/iagoc/Documents/UnB_2021_2/TP1/trabalhos/trabalho1/TP1/func.cpp:9: warning: documented empty return type of lowerstr
D:/Users/iagoc/Documents/UnB_2021_2/TP1/trabalhos/trabalho1/TP1/func.cpp:9: warning: documented empty return type of lowerstr
D:/Users/iagoc/Documents/UnB_2021_2/TP1/trabalhos/trabalho1/TP1/dominio.cpp:126: warning: argument 'string' of command @param is not found in the argument list of Codigo::validar(string valor)
D:/Users/iagoc/Documents/UnB_2021_2/TP1/trabalhos/trabalho1/TP1/dominio.cpp:126: warning: The following parameter of Codigo::validar(string valor) is not documented:
  parameter 'valor'
D:/Users/iagoc/Documents/UnB_2021_2/TP1/trabalhos/trabalho1/TP1/dominio.cpp:539: warning: argument 'endereco' of command @param is not found in the argument list of Email::setEmail(string email)
D:/Users/iagoc/Documents/UnB_2021_2/TP1/trabalhos/trabalho1/TP1/dominio.cpp:539: warning: The following parameter of Email::setEmail(string email) is not documented:
  parameter 'email'
D:/Users/iagoc/Documents/UnB_2021_2/TP1/trabalhos/trabalho1/TP1/dominio.cpp:529: warning: Found unknown command '@dominio'
D:/Users/iagoc/Documents/UnB_2021_2/TP1/trabalhos/trabalho1/TP1/dominio.cpp:277: warning: argument 'descricao' of command @param is not found in the argument list of Endereco::validar(string endereco)
D:/Users/iagoc/Documents/UnB_2021_2/TP1/trabalhos/trabalho1/TP1/dominio.cpp:277: warning: The following parameter of Endereco::validar(string endereco) is not documented:
  parameter 'endereco'
D:/Users/iagoc/Documents/UnB_2021_2/TP1/trabalhos/trabalho1/TP1/dominio.cpp:333: warning: argument 'endereco' of command @param is not found in the argument list of Horario::setHorario(string horario)
D:/Users/iagoc/Documents/UnB_2021_2/TP1/trabalhos/trabalho1/TP1/dominio.cpp:333: warning: The following parameter of Horario::setHorario(string horario) is not documented:
  parameter 'horario'
D:/Users/iagoc/Documents/UnB_2021_2/TP1/trabalhos/trabalho1/TP1/dominio.cpp:378: warning: argument 'idioma' of command @param is not found in the argument list of Idioma::setIdioma(string linguagem)
D:/Users/iagoc/Documents/UnB_2021_2/TP1/trabalhos/trabalho1/TP1/dominio.cpp:378: warning: The following parameter of Idioma::setIdioma(string linguagem) is not documented:
  parameter 'linguagem'
D:/Users/iagoc/Documents/UnB_2021_2/TP1/trabalhos/trabalho1/TP1/dominio.cpp:352: warning: argument 'idioma' of command @param is not found in the argument list of Idioma::validar(string linguagem)
D:/Users/iagoc/Documents/UnB_2021_2/TP1/trabalhos/trabalho1/TP1/dominio.cpp:352: warning: The following parameter of Idioma::validar(string linguagem) is not documented:
  parameter 'linguagem'
D:/Users/iagoc/Documents/UnB_2021_2/TP1/trabalhos/trabalho1/TP1/dominio.cpp:481: warning: argument 'endereco' of command @param is not found in the argument list of Senha::setSenha(string segredo)
D:/Users/iagoc/Documents/UnB_2021_2/TP1/trabalhos/trabalho1/TP1/dominio.cpp:481: warning: The following parameter of Senha::setSenha(string segredo) is not documented:
  parameter 'segredo'
D:/Users/iagoc/Documents/UnB_2021_2/TP1/trabalhos/trabalho1/TP1/dominio.cpp:407: warning: argument 'endereco' of command @param is not found in the argument list of Titulo::setTitulo(string titulo)
D:/Users/iagoc/Documents/UnB_2021_2/TP1/trabalhos/trabalho1/TP1/dominio.cpp:407: warning: The following parameter of Titulo::setTitulo(string titulo) is not documented:
  parameter 'titulo'
D:/Users/iagoc/Documents/UnB_2021_2/TP1/trabalhos/trabalho1/TP1/dominio.cpp:388: warning: argument 'descricao' of command @param is not found in the argument list of Titulo::validar(string titulo)
D:/Users/iagoc/Documents/UnB_2021_2/TP1/trabalhos/trabalho1/TP1/dominio.cpp:388: warning: The following parameter of Titulo::validar(string titulo) is not documented:
  parameter 'titulo'
